<?xml version="1.0" encoding="UTF-8"?>
<testng-results skipped="0" failed="0" ignored="0" total="1" passed="1">
  <reporter-output>
  </reporter-output>
  <suite name="Default suite" duration-ms="44177" started-at="2020-06-03T15:46:16 IST" finished-at="2020-06-03T15:47:00 IST">
    <groups>
    </groups>
    <test name="Default test" duration-ms="44177" started-at="2020-06-03T15:46:16 IST" finished-at="2020-06-03T15:47:00 IST">
      <class name="runner.POMTest">
        <test-method status="PASS" signature="pomTest()[pri:0, instance:runner.POMTest@79be0360]" name="pomTest" duration-ms="44076" started-at="2020-06-03T15:46:16 IST" finished-at="2020-06-03T15:47:00 IST">
          <reporter-output>
          </reporter-output>
        </test-method> <!-- pomTest -->
      </class> <!-- runner.POMTest -->
    </test> <!-- Default test -->
  </suite> <!-- Default suite -->
</testng-results>
